Performing C SOURCE FILE Test CMAKE_HAVE_LIBC_PTHREAD failed with the following output:
Change Dir: /home/jack/bipedv5/src/build/CMakeFiles/CMakeTmp

Run Build Command(s):/home/jack/.local/bin/ninja cmTC_e9204 && [1/2] Building C object CMakeFiles/cmTC_e9204.dir/src.c.o
[2/2] Linking C executable cmTC_e9204
FAILED: cmTC_e9204 
: && /usr/bin/clang -DCMAKE_HAVE_LIBC_PTHREAD  -rdynamic CMakeFiles/cmTC_e9204.dir/src.c.o  -o cmTC_e9204   && :
/usr/bin/ld: CMakeFiles/cmTC_e9204.dir/src.c.o: in function `main':
src.c:(.text+0x35): undefined reference to `pthread_create'
/usr/bin/ld: src.c:(.text+0x41): undefined reference to `pthread_detach'
/usr/bin/ld: src.c:(.text+0x53): undefined reference to `pthread_join'
clang: error: linker command failed with exit code 1 (use -v to see invocation)
ninja: build stopped: subcommand failed.


Source file was:
#include <pthread.h>

void* test_func(void* data)
{
  return data;
}

int main(void)
{
  pthread_t thread;
  pthread_create(&thread, NULL, test_func, NULL);
  pthread_detach(thread);
  pthread_join(thread, NULL);
  pthread_atfork(NULL, NULL, NULL);
  pthread_exit(NULL);

  return 0;
}

Determining if the function pthread_create exists in the pthreads failed with the following output:
Change Dir: /home/jack/bipedv5/src/build/CMakeFiles/CMakeTmp

Run Build Command(s):/home/jack/.local/bin/ninja cmTC_45abd && [1/2] Building C object CMakeFiles/cmTC_45abd.dir/CheckFunctionExists.c.o
[2/2] Linking C executable cmTC_45abd
FAILED: cmTC_45abd 
: && /usr/bin/clang -DCHECK_FUNCTION_EXISTS=pthread_create  -rdynamic CMakeFiles/cmTC_45abd.dir/CheckFunctionExists.c.o  -o cmTC_45abd  -lpthreads && :
/usr/bin/ld: 找不到 -lpthreads
clang: error: linker command failed with exit code 1 (use -v to see invocation)
ninja: build stopped: subcommand failed.



